<?xml version="1.0" encoding="UTF-8"?>
<!-- Generated by org.testng.reporters.JUnitReportReporter -->
<testsuite hostname="user1" failures="0" tests="1" name="testscripts.LoginSuccess" time="0.592" errors="0" timestamp="2025-04-08T14:13:51 IST" skipped="0">
  <testcase classname="testscripts.LoginSuccess" name="validLogiTest" time="0.592"/>
</testsuite> <!-- testscripts.LoginSuccess -->
