<?xml version="1.0" encoding="UTF-8"?>
<!-- Generated by org.testng.reporters.JUnitReportReporter -->
<testsuite hostname="user1" failures="0" tests="1" name="testscripts.PlaceOrderTest" time="0.535" errors="0" timestamp="2025-04-07T17:53:12 IST" skipped="0">
  <testcase classname="testscripts.PlaceOrderTest" name="validLogiTest" time="0.535"/>
</testsuite> <!-- testscripts.PlaceOrderTest -->
