<?xml version="1.0" encoding="UTF-8"?>
<!-- Generated by org.testng.reporters.JUnitReportReporter -->
<testsuite hostname="user1" failures="0" tests="3" name="testscripts.PlaceOrderTest" time="1.271" errors="0" timestamp="2025-04-08T17:42:21 IST" skipped="0">
  <testcase classname="testscripts.PlaceOrderTest" name="validLoginTest" time="0.449"/>
  <testcase classname="testscripts.PlaceOrderTest" name="addItemTest" time="0.279"/>
  <testcase classname="testscripts.PlaceOrderTest" name="checkoutItems" time="0.543"/>
</testsuite> <!-- testscripts.PlaceOrderTest -->
